  game.cpp
c:\users\42506\desktop\新建文件夹\pushboxes_goldenedition\pushboxes_goldenedition\game.cpp(123): warning C4018: “<”: 有符号/无符号不匹配
c:\users\42506\desktop\新建文件夹\pushboxes_goldenedition\pushboxes_goldenedition\game.cpp(156): warning C4018: “<”: 有符号/无符号不匹配
c:\users\42506\desktop\新建文件夹\pushboxes_goldenedition\pushboxes_goldenedition\game.cpp(189): warning C4018: “<”: 有符号/无符号不匹配
c:\users\42506\desktop\新建文件夹\pushboxes_goldenedition\pushboxes_goldenedition\game.cpp(798): warning C4996: 'sprintf': This function or variable may be unsafe. Consider using sprintf_s instead. To disable deprecation, use _CRT_SECURE_NO_WARNINGS. See online help for details.
  c:\program files (x86)\windows kits\10\include\10.0.17763.0\ucrt\stdio.h(1774): note: 参见“sprintf”的声明
c:\users\42506\desktop\新建文件夹\pushboxes_goldenedition\pushboxes_goldenedition\game.cpp(799): warning C4996: 'fopen': This function or variable may be unsafe. Consider using fopen_s instead. To disable deprecation, use _CRT_SECURE_NO_WARNINGS. See online help for details.
  c:\program files (x86)\windows kits\10\include\10.0.17763.0\ucrt\stdio.h(208): note: 参见“fopen”的声明
c:\users\42506\desktop\新建文件夹\pushboxes_goldenedition\pushboxes_goldenedition\game.cpp(856): warning C4996: 'sprintf': This function or variable may be unsafe. Consider using sprintf_s instead. To disable deprecation, use _CRT_SECURE_NO_WARNINGS. See online help for details.
  c:\program files (x86)\windows kits\10\include\10.0.17763.0\ucrt\stdio.h(1774): note: 参见“sprintf”的声明
c:\users\42506\desktop\新建文件夹\pushboxes_goldenedition\pushboxes_goldenedition\game.cpp(859): warning C4996: 'sprintf': This function or variable may be unsafe. Consider using sprintf_s instead. To disable deprecation, use _CRT_SECURE_NO_WARNINGS. See online help for details.
  c:\program files (x86)\windows kits\10\include\10.0.17763.0\ucrt\stdio.h(1774): note: 参见“sprintf”的声明
c:\users\42506\desktop\新建文件夹\pushboxes_goldenedition\pushboxes_goldenedition\game.cpp(862): warning C4996: 'sprintf': This function or variable may be unsafe. Consider using sprintf_s instead. To disable deprecation, use _CRT_SECURE_NO_WARNINGS. See online help for details.
  c:\program files (x86)\windows kits\10\include\10.0.17763.0\ucrt\stdio.h(1774): note: 参见“sprintf”的声明
c:\users\42506\desktop\新建文件夹\pushboxes_goldenedition\pushboxes_goldenedition\game.cpp(927): warning C4996: 'sprintf': This function or variable may be unsafe. Consider using sprintf_s instead. To disable deprecation, use _CRT_SECURE_NO_WARNINGS. See online help for details.
  c:\program files (x86)\windows kits\10\include\10.0.17763.0\ucrt\stdio.h(1774): note: 参见“sprintf”的声明
  main.cpp
  mainloop.cpp
c:\users\42506\desktop\新建文件夹\pushboxes_goldenedition\pushboxes_goldenedition\mainloop.cpp(26): warning C4996: 'fopen': This function or variable may be unsafe. Consider using fopen_s instead. To disable deprecation, use _CRT_SECURE_NO_WARNINGS. See online help for details.
  c:\program files (x86)\windows kits\10\include\10.0.17763.0\ucrt\stdio.h(208): note: 参见“fopen”的声明
c:\users\42506\desktop\新建文件夹\pushboxes_goldenedition\pushboxes_goldenedition\mainloop.cpp(27): warning C4996: 'fscanf': This function or variable may be unsafe. Consider using fscanf_s instead. To disable deprecation, use _CRT_SECURE_NO_WARNINGS. See online help for details.
  c:\program files (x86)\windows kits\10\include\10.0.17763.0\ucrt\stdio.h(1197): note: 参见“fscanf”的声明
c:\users\42506\desktop\新建文件夹\pushboxes_goldenedition\pushboxes_goldenedition\mainloop.cpp(395): warning C4996: 'sprintf': This function or variable may be unsafe. Consider using sprintf_s instead. To disable deprecation, use _CRT_SECURE_NO_WARNINGS. See online help for details.
  c:\program files (x86)\windows kits\10\include\10.0.17763.0\ucrt\stdio.h(1774): note: 参见“sprintf”的声明
  正在生成代码
  24 of 25 functions (96.0%) were compiled, the rest were copied from previous compilation.
    4 functions were new in current compilation
    0 functions had inline decision re-evaluated but remain unchanged
  已完成代码的生成
  PushBoxes_GoldenEdition.vcxproj -> C:\Users\42506\Desktop\新建文件夹\PushBoxes_GoldenEdition\Release\PushBoxes_GoldenEdition.exe
