  game.cpp
c:\users\42506\desktop\pushboxes_goldenedition\pushboxes_goldenedition\game.cpp(123): warning C4018: “<”: 有符号/无符号不匹配
c:\users\42506\desktop\pushboxes_goldenedition\pushboxes_goldenedition\game.cpp(156): warning C4018: “<”: 有符号/无符号不匹配
c:\users\42506\desktop\pushboxes_goldenedition\pushboxes_goldenedition\game.cpp(189): warning C4018: “<”: 有符号/无符号不匹配
c:\users\42506\desktop\pushboxes_goldenedition\pushboxes_goldenedition\game.cpp(744): warning C4996: 'fopen': This function or variable may be unsafe. Consider using fopen_s instead. To disable deprecation, use _CRT_SECURE_NO_WARNINGS. See online help for details.
  c:\program files (x86)\windows kits\10\include\10.0.17763.0\ucrt\stdio.h(208): note: 参见“fopen”的声明
c:\users\42506\desktop\pushboxes_goldenedition\pushboxes_goldenedition\game.cpp(812): warning C4996: 'sprintf': This function or variable may be unsafe. Consider using sprintf_s instead. To disable deprecation, use _CRT_SECURE_NO_WARNINGS. See online help for details.
  c:\program files (x86)\windows kits\10\include\10.0.17763.0\ucrt\stdio.h(1774): note: 参见“sprintf”的声明
c:\users\42506\desktop\pushboxes_goldenedition\pushboxes_goldenedition\game.cpp(813): warning C4996: 'fopen': This function or variable may be unsafe. Consider using fopen_s instead. To disable deprecation, use _CRT_SECURE_NO_WARNINGS. See online help for details.
  c:\program files (x86)\windows kits\10\include\10.0.17763.0\ucrt\stdio.h(208): note: 参见“fopen”的声明
c:\users\42506\desktop\pushboxes_goldenedition\pushboxes_goldenedition\game.cpp(870): warning C4996: 'sprintf': This function or variable may be unsafe. Consider using sprintf_s instead. To disable deprecation, use _CRT_SECURE_NO_WARNINGS. See online help for details.
  c:\program files (x86)\windows kits\10\include\10.0.17763.0\ucrt\stdio.h(1774): note: 参见“sprintf”的声明
c:\users\42506\desktop\pushboxes_goldenedition\pushboxes_goldenedition\game.cpp(873): warning C4996: 'sprintf': This function or variable may be unsafe. Consider using sprintf_s instead. To disable deprecation, use _CRT_SECURE_NO_WARNINGS. See online help for details.
  c:\program files (x86)\windows kits\10\include\10.0.17763.0\ucrt\stdio.h(1774): note: 参见“sprintf”的声明
c:\users\42506\desktop\pushboxes_goldenedition\pushboxes_goldenedition\game.cpp(876): warning C4996: 'sprintf': This function or variable may be unsafe. Consider using sprintf_s instead. To disable deprecation, use _CRT_SECURE_NO_WARNINGS. See online help for details.
  c:\program files (x86)\windows kits\10\include\10.0.17763.0\ucrt\stdio.h(1774): note: 参见“sprintf”的声明
c:\users\42506\desktop\pushboxes_goldenedition\pushboxes_goldenedition\game.cpp(941): warning C4996: 'sprintf': This function or variable may be unsafe. Consider using sprintf_s instead. To disable deprecation, use _CRT_SECURE_NO_WARNINGS. See online help for details.
  c:\program files (x86)\windows kits\10\include\10.0.17763.0\ucrt\stdio.h(1774): note: 参见“sprintf”的声明
  mainloop.cpp
c:\users\42506\desktop\pushboxes_goldenedition\pushboxes_goldenedition\mainloop.cpp(139): warning C4996: 'fopen': This function or variable may be unsafe. Consider using fopen_s instead. To disable deprecation, use _CRT_SECURE_NO_WARNINGS. See online help for details.
  c:\program files (x86)\windows kits\10\include\10.0.17763.0\ucrt\stdio.h(208): note: 参见“fopen”的声明
c:\users\42506\desktop\pushboxes_goldenedition\pushboxes_goldenedition\mainloop.cpp(140): warning C4996: 'fscanf': This function or variable may be unsafe. Consider using fscanf_s instead. To disable deprecation, use _CRT_SECURE_NO_WARNINGS. See online help for details.
  c:\program files (x86)\windows kits\10\include\10.0.17763.0\ucrt\stdio.h(1197): note: 参见“fscanf”的声明
c:\users\42506\desktop\pushboxes_goldenedition\pushboxes_goldenedition\mainloop.cpp(404): warning C4996: 'sprintf': This function or variable may be unsafe. Consider using sprintf_s instead. To disable deprecation, use _CRT_SECURE_NO_WARNINGS. See online help for details.
  c:\program files (x86)\windows kits\10\include\10.0.17763.0\ucrt\stdio.h(1774): note: 参见“sprintf”的声明
  正在生成代码...
LINK : warning LNK4098: 默认库“MSVCRT”与其他库的使用冲突；请使用 /NODEFAULTLIB:library
  PushBoxes_GoldenEdition.vcxproj -> C:\Users\42506\Desktop\PushBoxes_GoldenEdition\Debug\PushBoxes_GoldenEdition.exe
